============================= test session starts ==============================
platform darwin -- Python 3.10.6, pytest-7.2.1, pluggy-1.0.0 -- /Users/brunolajoie/.pyenv/versions/3.10.6/envs/taxifare-source/bin/python3.10
cachedir: .pytest_cache
rootdir: /Users/brunolajoie/code/lewagon/taxi-fare/tests, configfile: pytest_kitt.ini
plugins: asyncio-0.20.3, anyio-3.6.2
asyncio: mode=strict
collecting ... collected 9 items

tests/cloud_training/test_cloud_data.py::TestCloudData::test_big_query_dataset_variable_exists PASSED [ 11%]
tests/cloud_training/test_cloud_data.py::TestCloudData::test_cloud_data_create_dataset PASSED [ 22%]
tests/cloud_training/test_cloud_data.py::TestCloudData::test_cloud_data_create_table PASSED [ 33%]
tests/cloud_training/test_main.py::TestMain::test_route_preprocess PASSED [ 44%]
tests/cloud_training/test_main.py::TestMain::test_route_train[local] PASSED [ 55%]
tests/cloud_training/test_main.py::TestMain::test_route_train[gcs] PASSED [ 66%]
tests/cloud_training/test_main.py::TestMain::test_route_evaluate PASSED  [ 77%]
tests/cloud_training/test_main.py::TestMain::test_route_pred PASSED      [ 88%]
tests/cloud_training/test_vm.py::test_i_am_a_vm PASSED                   [100%]

======================= 9 passed, 115 warnings in 36.58s =======================
